--- Copying files at Sun Feb 12 19:06:28 UTC 2023
INSTALLED plugins/jquery3-api.jpi : 3.6.1-2
INSTALLED plugins/workflow-step-api.jpi : 639.v6eca_cd8c04a_a_
INSTALLED plugins/ionicons-api.jpi : 31.v4757b_6987003
INSTALLED plugins/jackson2-api.jpi : 2.14.2-319.v37853346a_229
INSTALLED plugins/matrix-project.jpi : 785.v06b_7f47b_c631
INSTALLED plugins/allure-jenkins-plugin.jpi : 2.30.3
INSTALLED plugins/snakeyaml-api.jpi : 1.33-90.v80dcb_3814d35
INSTALLED plugins/workflow-support.jpi : 839.v35e2736cfd5c
INSTALLED plugins/caffeine-api.jpi : 2.9.3-65.v6a_47d0f4d1fe
INSTALLED plugins/script-security.jpi : 1229.v4880b_b_e905a_6
INSTALLED plugins/jaxb.jpi : 2.3.8-1
INSTALLED plugins/plugin-util-api.jpi : 2.20.0
INSTALLED plugins/font-awesome-api.jpi : 6.2.1-1
INSTALLED plugins/popper2-api.jpi : 2.11.6-2
INSTALLED plugins/echarts-api.jpi : 5.4.0-1
INSTALLED plugins/javax-activation-api.jpi : 1.2.0-5
INSTALLED plugins/workflow-api.jpi : 1208.v0cc7c6e0da_9e
INSTALLED plugins/bootstrap5-api.jpi : 5.2.1-3
INSTALLED plugins/junit.jpi : 1166.va_436e268e972
INSTALLED plugins/scm-api.jpi : 631.v9143df5b_e4a_a
INSTALLED plugins/structs.jpi : 324.va_f5d6774f3a_d
INSTALLED plugins/commons-lang3-api.jpi : 3.12.0-36.vd97de6465d5b_
INSTALLED plugins/display-url-api.jpi : 2.3.7
INSTALLED plugins/checks-api.jpi : 1.8.1
INSTALLED plugins/commons-text-api.jpi : 1.10.0-27.vb_fa_3896786a_7
--- Copying files at Sun Feb 12 19:12:26 UTC 2023
--- Copying files at Sun Feb 12 19:16:24 UTC 2023
--- Copying files at Sun Feb 12 19:18:32 UTC 2023
--- Copying files at Sun Feb 12 20:33:35 UTC 2023
--- Copying files at Sun Feb 12 20:36:43 UTC 2023
--- Copying files at Sun Feb 12 21:07:32 UTC 2023
--- Copying files at Sun Feb 12 21:13:23 UTC 2023
--- Copying files at Sun Feb 12 21:15:30 UTC 2023
--- Copying files at Sun Feb 12 21:16:14 UTC 2023
--- Copying files at Sun Feb 12 21:21:01 UTC 2023
--- Copying files at Sun Feb 12 21:34:48 UTC 2023
--- Copying files at Sun Feb 12 21:35:29 UTC 2023
--- Copying files at Sun Feb 12 21:38:47 UTC 2023
--- Copying files at Sun Feb 12 21:55:29 UTC 2023
--- Copying files at Sun Feb 12 21:57:13 UTC 2023
--- Copying files at Sun Feb 12 21:59:37 UTC 2023
--- Copying files at Sun Feb 12 22:00:34 UTC 2023
--- Copying files at Sun Feb 12 22:03:37 UTC 2023
--- Copying files at Sun Feb 12 22:22:01 UTC 2023
--- Copying files at Sun Feb 12 22:34:42 UTC 2023
--- Copying files at Sun Feb 12 22:49:24 UTC 2023
